{"/home/er/Desktop/Advanced_next_js_with_docker/node_js/src/app.ts": {"path":"/home/er/Desktop/Advanced_next_js_with_docker/node_js/src/app.ts","statementMap":{"0":{"start":{"line":1,"column":0},"end":{"line":1,"column":30}},"1":{"start":{"line":2,"column":0},"end":{"line":2,"column":24}},"2":{"start":{"line":3,"column":0},"end":{"line":3,"column":44}},"3":{"start":{"line":4,"column":0},"end":{"line":4,"column":50}},"4":{"start":{"line":6,"column":12},"end":{"line":6,"column":21}},"5":{"start":{"line":8,"column":0},"end":{"line":8,"column":31}},"6":{"start":{"line":9,"column":0},"end":{"line":9,"column":24}},"7":{"start":{"line":10,"column":0},"end":{"line":10,"column":48}},"8":{"start":{"line":12,"column":0},"end":{"line":14,"column":3}},"9":{"start":{"line":13,"column":2},"end":{"line":13,"column":40}},"10":{"start":{"line":16,"column":0},"end":{"line":30,"column":3}},"11":{"start":{"line":17,"column":2},"end":{"line":29,"column":3}},"12":{"start":{"line":18,"column":4},"end":{"line":18,"column":33}},"13":{"start":{"line":20,"column":4},"end":{"line":23,"column":7}},"14":{"start":{"line":25,"column":4},"end":{"line":28,"column":7}},"15":{"start":{"line":32,"column":0},"end":{"line":32,"column":30}},"16":{"start":{"line":34,"column":0},"end":{"line":34,"column":19}}},"fnMap":{"0":{"name":"(anonymous_1)","decl":{"start":{"line":12,"column":13},"end":{"line":12,"column":14}},"loc":{"start":{"line":12,"column":24},"end":{"line":14,"column":1}}},"1":{"name":"(anonymous_2)","decl":{"start":{"line":16,"column":19},"end":{"line":16,"column":24}},"loc":{"start":{"line":16,"column":36},"end":{"line":30,"column":1}}}},"branchMap":{},"s":{"0":2,"1":2,"2":2,"3":2,"4":2,"5":2,"6":2,"7":2,"8":2,"9":1,"10":2,"11":2,"12":2,"13":1,"14":1,"15":2,"16":2},"f":{"0":1,"1":2},"b":{}}
,"/home/er/Desktop/Advanced_next_js_with_docker/node_js/src/controllers/user.controller.ts": {"path":"/home/er/Desktop/Advanced_next_js_with_docker/node_js/src/controllers/user.controller.ts","statementMap":{"0":{"start":{"line":2,"column":0},"end":{"line":2,"column":45}},"1":{"start":{"line":3,"column":0},"end":{"line":3,"column":58}},"2":{"start":{"line":4,"column":0},"end":{"line":4,"column":20}},"3":{"start":{"line":8,"column":4},"end":{"line":44,"column":5}},"4":{"start":{"line":9,"column":21},"end":{"line":20,"column":6}},"5":{"start":{"line":22,"column":25},"end":{"line":22,"column":68}},"6":{"start":{"line":24,"column":6},"end":{"line":32,"column":7}},"7":{"start":{"line":25,"column":8},"end":{"line":30,"column":11}},"8":{"start":{"line":28,"column":80},"end":{"line":28,"column":89}},"9":{"start":{"line":31,"column":8},"end":{"line":31,"column":15}},"10":{"start":{"line":33,"column":6},"end":{"line":36,"column":9}},"11":{"start":{"line":38,"column":6},"end":{"line":43,"column":9}},"12":{"start":{"line":51,"column":4},"end":{"line":92,"column":5}},"13":{"start":{"line":52,"column":70},"end":{"line":52,"column":78}},"14":{"start":{"line":54,"column":21},"end":{"line":66,"column":null}},"15":{"start":{"line":69,"column":25},"end":{"line":69,"column":62}},"16":{"start":{"line":71,"column":6},"end":{"line":79,"column":7}},"17":{"start":{"line":72,"column":8},"end":{"line":77,"column":11}},"18":{"start":{"line":75,"column":80},"end":{"line":75,"column":89}},"19":{"start":{"line":78,"column":8},"end":{"line":78,"column":15}},"20":{"start":{"line":81,"column":6},"end":{"line":84,"column":9}},"21":{"start":{"line":86,"column":6},"end":{"line":91,"column":9}},"22":{"start":{"line":99,"column":4},"end":{"line":151,"column":5}},"23":{"start":{"line":100,"column":70},"end":{"line":100,"column":78}},"24":{"start":{"line":101,"column":21},"end":{"line":101,"column":31}},"25":{"start":{"line":103,"column":21},"end":{"line":115,"column":null}},"26":{"start":{"line":118,"column":6},"end":{"line":126,"column":7}},"27":{"start":{"line":119,"column":8},"end":{"line":124,"column":11}},"28":{"start":{"line":125,"column":8},"end":{"line":125,"column":15}},"29":{"start":{"line":128,"column":25},"end":{"line":128,"column":62}},"30":{"start":{"line":130,"column":6},"end":{"line":138,"column":7}},"31":{"start":{"line":131,"column":8},"end":{"line":136,"column":11}},"32":{"start":{"line":134,"column":80},"end":{"line":134,"column":89}},"33":{"start":{"line":137,"column":8},"end":{"line":137,"column":15}},"34":{"start":{"line":140,"column":6},"end":{"line":143,"column":9}},"35":{"start":{"line":145,"column":6},"end":{"line":150,"column":9}},"36":{"start":{"line":158,"column":4},"end":{"line":190,"column":5}},"37":{"start":{"line":159,"column":21},"end":{"line":159,"column":31}},"38":{"start":{"line":161,"column":21},"end":{"line":167,"column":null}},"39":{"start":{"line":170,"column":6},"end":{"line":178,"column":7}},"40":{"start":{"line":171,"column":8},"end":{"line":176,"column":11}},"41":{"start":{"line":177,"column":8},"end":{"line":177,"column":15}},"42":{"start":{"line":180,"column":6},"end":{"line":182,"column":9}},"43":{"start":{"line":184,"column":6},"end":{"line":189,"column":9}},"44":{"start":{"line":6,"column":0},"end":{"line":6,"column":21}}},"fnMap":{"0":{"name":"(anonymous_1)","decl":{"start":{"line":7,"column":9},"end":{"line":7,"column":14}},"loc":{"start":{"line":7,"column":53},"end":{"line":45,"column":3}}},"1":{"name":"(anonymous_2)","decl":{"start":{"line":28,"column":73},"end":{"line":28,"column":74}},"loc":{"start":{"line":28,"column":80},"end":{"line":28,"column":89}}},"2":{"name":"(anonymous_3)","decl":{"start":{"line":47,"column":9},"end":{"line":47,"column":14}},"loc":{"start":{"line":49,"column":17},"end":{"line":93,"column":3}}},"3":{"name":"(anonymous_4)","decl":{"start":{"line":75,"column":73},"end":{"line":75,"column":74}},"loc":{"start":{"line":75,"column":80},"end":{"line":75,"column":89}}},"4":{"name":"(anonymous_5)","decl":{"start":{"line":95,"column":9},"end":{"line":95,"column":14}},"loc":{"start":{"line":97,"column":17},"end":{"line":152,"column":3}}},"5":{"name":"(anonymous_6)","decl":{"start":{"line":134,"column":73},"end":{"line":134,"column":74}},"loc":{"start":{"line":134,"column":80},"end":{"line":134,"column":89}}},"6":{"name":"(anonymous_7)","decl":{"start":{"line":154,"column":9},"end":{"line":154,"column":14}},"loc":{"start":{"line":156,"column":17},"end":{"line":191,"column":3}}}},"branchMap":{"0":{"loc":{"start":{"line":24,"column":6},"end":{"line":32,"column":7}},"type":"if","locations":[{"start":{"line":24,"column":6},"end":{"line":32,"column":7}},{"start":{},"end":{}}]},"1":{"loc":{"start":{"line":71,"column":6},"end":{"line":79,"column":7}},"type":"if","locations":[{"start":{"line":71,"column":6},"end":{"line":79,"column":7}},{"start":{},"end":{}}]},"2":{"loc":{"start":{"line":118,"column":6},"end":{"line":126,"column":7}},"type":"if","locations":[{"start":{"line":118,"column":6},"end":{"line":126,"column":7}},{"start":{},"end":{}}]},"3":{"loc":{"start":{"line":130,"column":6},"end":{"line":138,"column":7}},"type":"if","locations":[{"start":{"line":130,"column":6},"end":{"line":138,"column":7}},{"start":{},"end":{}}]},"4":{"loc":{"start":{"line":170,"column":6},"end":{"line":178,"column":7}},"type":"if","locations":[{"start":{"line":170,"column":6},"end":{"line":178,"column":7}},{"start":{},"end":{}}]}},"s":{"0":2,"1":2,"2":2,"3":4,"4":4,"5":3,"6":3,"7":1,"8":4,"9":1,"10":2,"11":1,"12":3,"13":3,"14":3,"15":2,"16":2,"17":1,"18":4,"19":1,"20":1,"21":1,"22":4,"23":4,"24":4,"25":4,"26":3,"27":1,"28":1,"29":2,"30":2,"31":1,"32":4,"33":1,"34":1,"35":1,"36":3,"37":3,"38":3,"39":2,"40":1,"41":1,"42":1,"43":1,"44":2},"f":{"0":4,"1":4,"2":3,"3":4,"4":4,"5":4,"6":3},"b":{"0":[1,2],"1":[1,1],"2":[1,2],"3":[1,1],"4":[1,1]}}
,"/home/er/Desktop/Advanced_next_js_with_docker/node_js/src/routers/user.route.ts": {"path":"/home/er/Desktop/Advanced_next_js_with_docker/node_js/src/routers/user.route.ts","statementMap":{"0":{"start":{"line":1,"column":0},"end":{"line":1,"column":33}},"1":{"start":{"line":2,"column":0},"end":{"line":2,"column":63}},"2":{"start":{"line":4,"column":15},"end":{"line":4,"column":23}},"3":{"start":{"line":6,"column":24},"end":{"line":6,"column":44}},"4":{"start":{"line":8,"column":0},"end":{"line":8,"column":43}},"5":{"start":{"line":9,"column":0},"end":{"line":9,"column":46}},"6":{"start":{"line":10,"column":0},"end":{"line":10,"column":49}},"7":{"start":{"line":11,"column":0},"end":{"line":11,"column":50}},"8":{"start":{"line":13,"column":0},"end":{"line":13,"column":22}}},"fnMap":{},"branchMap":{},"s":{"0":2,"1":2,"2":2,"3":2,"4":2,"5":2,"6":2,"7":2,"8":2},"f":{},"b":{}}
,"/home/er/Desktop/Advanced_next_js_with_docker/node_js/src/type/index.ts": {"path":"/home/er/Desktop/Advanced_next_js_with_docker/node_js/src/type/index.ts","statementMap":{"0":{"start":{"line":2,"column":0},"end":{"line":2,"column":9}},"1":{"start":{"line":2,"column":9},"end":{"line":2,"column":50}},"2":{"start":{"line":4,"column":0},"end":{"line":4,"column":9}},"3":{"start":{"line":4,"column":9},"end":{"line":4,"column":40}}},"fnMap":{"0":{"name":"(anonymous_0)","decl":{"start":{"line":2,"column":9},"end":{"line":2,"column":28}},"loc":{"start":{"line":2,"column":9},"end":{"line":2,"column":50}}},"1":{"name":"(anonymous_1)","decl":{"start":{"line":4,"column":9},"end":{"line":4,"column":20}},"loc":{"start":{"line":4,"column":9},"end":{"line":4,"column":40}}}},"branchMap":{},"s":{"0":2,"1":2,"2":2,"3":9},"f":{"0":0,"1":7},"b":{}}
,"/home/er/Desktop/Advanced_next_js_with_docker/node_js/src/type/result.ts": {"path":"/home/er/Desktop/Advanced_next_js_with_docker/node_js/src/type/result.ts","statementMap":{"0":{"start":{"line":1,"column":0},"end":{"line":1,"column":24}},"1":{"start":{"line":7,"column":13},"end":{"line":15,"column":3}}},"fnMap":{},"branchMap":{},"s":{"0":2,"1":2},"f":{},"b":{}}
,"/home/er/Desktop/Advanced_next_js_with_docker/node_js/src/type/user.ts": {"path":"/home/er/Desktop/Advanced_next_js_with_docker/node_js/src/type/user.ts","statementMap":{"0":{"start":{"line":1,"column":0},"end":{"line":1,"column":20}},"1":{"start":{"line":3,"column":13},"end":{"line":10,"column":3}}},"fnMap":{},"branchMap":{},"s":{"0":2,"1":2},"f":{},"b":{}}
}
