TN:
SF:src/app.ts
FN:12,(anonymous_1)
FN:16,(anonymous_2)
FNF:2
FNH:2
FNDA:1,(anonymous_1)
FNDA:2,(anonymous_2)
DA:1,2
DA:2,2
DA:3,2
DA:4,2
DA:6,2
DA:8,2
DA:9,2
DA:10,2
DA:12,2
DA:13,1
DA:16,2
DA:17,2
DA:18,2
DA:20,1
DA:25,1
DA:32,2
DA:34,2
LF:17
LH:17
BRF:0
BRH:0
end_of_record
TN:
SF:src/controllers/user.controller.ts
FN:7,(anonymous_1)
FN:28,(anonymous_2)
FN:47,(anonymous_3)
FN:75,(anonymous_4)
FN:95,(anonymous_5)
FN:134,(anonymous_6)
FN:154,(anonymous_7)
FNF:7
FNH:7
FNDA:4,(anonymous_1)
FNDA:4,(anonymous_2)
FNDA:3,(anonymous_3)
FNDA:4,(anonymous_4)
FNDA:4,(anonymous_5)
FNDA:4,(anonymous_6)
FNDA:3,(anonymous_7)
DA:2,2
DA:3,2
DA:4,2
DA:6,2
DA:8,4
DA:9,4
DA:22,3
DA:24,3
DA:25,1
DA:28,4
DA:31,1
DA:33,2
DA:38,1
DA:51,3
DA:52,3
DA:54,3
DA:69,2
DA:71,2
DA:72,1
DA:75,4
DA:78,1
DA:81,1
DA:86,1
DA:99,4
DA:100,4
DA:101,4
DA:103,4
DA:118,3
DA:119,1
DA:125,1
DA:128,2
DA:130,2
DA:131,1
DA:134,4
DA:137,1
DA:140,1
DA:145,1
DA:158,3
DA:159,3
DA:161,3
DA:170,2
DA:171,1
DA:177,1
DA:180,1
DA:184,1
LF:45
LH:45
BRDA:24,0,0,1
BRDA:24,0,1,2
BRDA:71,1,0,1
BRDA:71,1,1,1
BRDA:118,2,0,1
BRDA:118,2,1,2
BRDA:130,3,0,1
BRDA:130,3,1,1
BRDA:170,4,0,1
BRDA:170,4,1,1
BRF:10
BRH:10
end_of_record
TN:
SF:src/routers/user.route.ts
FNF:0
FNH:0
DA:1,2
DA:2,2
DA:4,2
DA:6,2
DA:8,2
DA:9,2
DA:10,2
DA:11,2
DA:13,2
LF:9
LH:9
BRF:0
BRH:0
end_of_record
TN:
SF:src/type/index.ts
FN:2,(anonymous_0)
FN:4,(anonymous_1)
FNF:2
FNH:1
FNDA:0,(anonymous_0)
FNDA:7,(anonymous_1)
DA:2,2
DA:4,9
LF:2
LH:2
BRF:0
BRH:0
end_of_record
TN:
SF:src/type/result.ts
FNF:0
FNH:0
DA:1,2
DA:7,2
LF:2
LH:2
BRF:0
BRH:0
end_of_record
TN:
SF:src/type/user.ts
FNF:0
FNH:0
DA:1,2
DA:3,2
LF:2
LH:2
BRF:0
BRH:0
end_of_record
